17:55:27 **** Incremental Build of configuration Debug for project EX_8 ****
Info: Internal Builder is used for build
gcc -O0 -g3 -Wall -c -fmessage-length=0 -o main.o "..\\main.c" 
gcc -o EX_8.exe main.o 
Info: Nothing to build for EX_8
Info: Nothing to build for EX_8
Info: Nothing to build for EX_8
Info: Nothing to build for EX_1
Info: Nothing to build for EX_2
Info: Nothing to build for EX_3
Info: Nothing to build for EX_4
Info: Nothing to build for EX_5
17:56:51 **** Incremental Build of configuration Debug for project EX_6 ****
Info: Internal Builder is used for build
gcc -o EX_6.exe main.o 
c:/mingw/bin/../lib/gcc/mingw32/6.3.0/../../../../mingw32/bin/ld.exe: cannot open output file EX_6.exe: Permission denied
collect2.exe: error: ld returned 1 exit status
Info: Nothing to build for EX_7
17:56:51 **** Incremental Build of configuration Debug for project EX_8 ****
Info: Internal Builder is used for build
gcc -O0 -g3 -Wall -c -fmessage-length=0 -o main.o "..\\main.c" 
gcc -o EX_8.exe main.o 
Info: Nothing to build for EX_8
Info: Nothing to build for EX_1
Info: Nothing to build for EX_2
Info: Nothing to build for EX_3
Info: Nothing to build for EX_4
Info: Nothing to build for EX_5
17:57:14 **** Incremental Build of configuration Debug for project EX_6 ****
Info: Internal Builder is used for build
gcc -o EX_6.exe main.o 
c:/mingw/bin/../lib/gcc/mingw32/6.3.0/../../../../mingw32/bin/ld.exe: cannot open output file EX_6.exe: Permission denied
collect2.exe: error: ld returned 1 exit status
Info: Nothing to build for EX_7
17:57:14 **** Incremental Build of configuration Debug for project EX_8 ****
Info: Internal Builder is used for build
gcc -O0 -g3 -Wall -c -fmessage-length=0 -o main.o "..\\main.c" 
gcc -o EX_8.exe main.o 
Info: Nothing to build for EX_8
